<?xml version="1.0" encoding="UTF-8"?>
<!-- Generated by org.testng.reporters.JUnitXMLReporter -->
<testsuite ignored="0" hostname="DESKTOP-2UMGN3F" failures="0" tests="2" name="Command line test" time="30.873" errors="0" timestamp="01 Oct 2019 12:39:29 GMT">
  <testcase classname="com.freesite.qa.testcases.LoginPageTestCase" name="loginPageTitleTest" time="0.202"/>
  <testcase classname="com.freesite.qa.testcases.ContactsPageTestCase" name="verifyContactsPageLabel" time="0.032"/>
</testsuite> <!-- Command line test -->
