<?xml version="1.0" encoding="UTF-8"?>
<testng-results ignored="0" total="2" passed="2" failed="0" skipped="0">
  <reporter-output>
  </reporter-output>
  <suite started-at="2019-10-01T12:38:58Z" name="Command line suite" finished-at="2019-10-01T12:39:29Z" duration-ms="30873">
    <groups>
    </groups>
    <test started-at="2019-10-01T12:38:58Z" name="Command line test" finished-at="2019-10-01T12:39:29Z" duration-ms="30873">
      <class name="com.freesite.qa.testcases.LoginPageTestCase">
        <test-method is-config="true" signature="setUp()[pri:0, instance:com.freesite.qa.testcases.LoginPageTestCase@31c88ec8]" started-at="2019-10-01T12:38:58Z" name="setUp" finished-at="2019-10-01T12:39:10Z" duration-ms="12168" status="PASS">
          <reporter-output>
          </reporter-output>
        </test-method> <!-- setUp -->
        <test-method signature="loginPageTitleTest()[pri:0, instance:com.freesite.qa.testcases.LoginPageTestCase@31c88ec8]" started-at="2019-10-01T12:39:10Z" name="loginPageTitleTest" finished-at="2019-10-01T12:39:10Z" duration-ms="202" status="PASS">
          <reporter-output>
          </reporter-output>
        </test-method> <!-- loginPageTitleTest -->
        <test-method is-config="true" signature="tearDown()[pri:0, instance:com.freesite.qa.testcases.LoginPageTestCase@31c88ec8]" started-at="2019-10-01T12:39:10Z" name="tearDown" finished-at="2019-10-01T12:39:10Z" duration-ms="109" status="PASS">
          <reporter-output>
          </reporter-output>
        </test-method> <!-- tearDown -->
      </class> <!-- com.freesite.qa.testcases.LoginPageTestCase -->
      <class name="com.freesite.qa.testcases.ContactsPageTestCase">
        <test-method is-config="true" signature="setUp()[pri:0, instance:com.freesite.qa.testcases.ContactsPageTestCase@72f926e6]" started-at="2019-10-01T12:39:10Z" name="setUp" finished-at="2019-10-01T12:39:29Z" duration-ms="18241" status="PASS">
          <reporter-output>
          </reporter-output>
        </test-method> <!-- setUp -->
        <test-method signature="verifyContactsPageLabel()[pri:1, instance:com.freesite.qa.testcases.ContactsPageTestCase@72f926e6]" started-at="2019-10-01T12:39:29Z" name="verifyContactsPageLabel" finished-at="2019-10-01T12:39:29Z" duration-ms="32" status="PASS">
          <reporter-output>
          </reporter-output>
        </test-method> <!-- verifyContactsPageLabel -->
        <test-method is-config="true" signature="tearDown()[pri:0, instance:com.freesite.qa.testcases.ContactsPageTestCase@72f926e6]" started-at="2019-10-01T12:39:29Z" name="tearDown" finished-at="2019-10-01T12:39:29Z" duration-ms="97" status="PASS">
          <reporter-output>
          </reporter-output>
        </test-method> <!-- tearDown -->
      </class> <!-- com.freesite.qa.testcases.ContactsPageTestCase -->
    </test> <!-- Command line test -->
  </suite> <!-- Command line suite -->
</testng-results>
